running develop
running egg_info
creating gui_teleop.egg-info
writing gui_teleop.egg-info/PKG-INFO
writing dependency_links to gui_teleop.egg-info/dependency_links.txt
writing entry points to gui_teleop.egg-info/entry_points.txt
writing requirements to gui_teleop.egg-info/requires.txt
writing top-level names to gui_teleop.egg-info/top_level.txt
writing manifest file 'gui_teleop.egg-info/SOURCES.txt'
reading manifest file 'gui_teleop.egg-info/SOURCES.txt'
writing manifest file 'gui_teleop.egg-info/SOURCES.txt'
running build_ext
Creating /workspaces/isaac_ros-dev/install/gui_teleop/lib/python3.8/site-packages/gui-teleop.egg-link (link to .)
Installing gui_teleop_7dof script to /workspaces/isaac_ros-dev/install/gui_teleop/lib/gui_teleop

Installed /workspaces/isaac_ros-dev/build/gui_teleop
running install_data
creating /workspaces/isaac_ros-dev/install/gui_teleop/share/ament_index
creating /workspaces/isaac_ros-dev/install/gui_teleop/share/ament_index/resource_index
creating /workspaces/isaac_ros-dev/install/gui_teleop/share/ament_index/resource_index/packages
copying resource/gui_teleop -> /workspaces/isaac_ros-dev/install/gui_teleop/share/ament_index/resource_index/packages
copying package.xml -> /workspaces/isaac_ros-dev/install/gui_teleop/share/gui_teleop
