[0.623s] Invoking command in '/workspaces/isaac_ros-dev/build/gui_teleop': PYTHONPATH=/workspaces/isaac_ros-dev/build/gui_teleop/prefix_override:/workspaces/isaac_ros-dev/install/gui_teleop/lib/python3.8/site-packages:${PYTHONPATH} /usr/bin/python3 setup.py develop --editable --build-directory /workspaces/isaac_ros-dev/build/gui_teleop/build --no-deps install_data
[0.779s] running develop
[0.873s] running egg_info
[0.873s] creating gui_teleop.egg-info
[0.878s] writing gui_teleop.egg-info/PKG-INFO
[0.878s] writing dependency_links to gui_teleop.egg-info/dependency_links.txt
[0.878s] writing entry points to gui_teleop.egg-info/entry_points.txt
[0.878s] writing requirements to gui_teleop.egg-info/requires.txt
[0.879s] writing top-level names to gui_teleop.egg-info/top_level.txt
[0.879s] writing manifest file 'gui_teleop.egg-info/SOURCES.txt'
[0.889s] reading manifest file 'gui_teleop.egg-info/SOURCES.txt'
[0.889s] writing manifest file 'gui_teleop.egg-info/SOURCES.txt'
[0.894s] running build_ext
[0.894s] Creating /workspaces/isaac_ros-dev/install/gui_teleop/lib/python3.8/site-packages/gui-teleop.egg-link (link to .)
[0.895s] Installing gui_teleop_7dof script to /workspaces/isaac_ros-dev/install/gui_teleop/lib/gui_teleop
[0.895s] 
[0.895s] Installed /workspaces/isaac_ros-dev/build/gui_teleop
[0.895s] running install_data
[0.895s] creating /workspaces/isaac_ros-dev/install/gui_teleop/share/ament_index
[0.895s] creating /workspaces/isaac_ros-dev/install/gui_teleop/share/ament_index/resource_index
[0.895s] creating /workspaces/isaac_ros-dev/install/gui_teleop/share/ament_index/resource_index/packages
[0.895s] copying resource/gui_teleop -> /workspaces/isaac_ros-dev/install/gui_teleop/share/ament_index/resource_index/packages
[0.895s] copying package.xml -> /workspaces/isaac_ros-dev/install/gui_teleop/share/gui_teleop
[0.915s] Invoked command in '/workspaces/isaac_ros-dev/build/gui_teleop' returned '0': PYTHONPATH=/workspaces/isaac_ros-dev/build/gui_teleop/prefix_override:/workspaces/isaac_ros-dev/install/gui_teleop/lib/python3.8/site-packages:${PYTHONPATH} /usr/bin/python3 setup.py develop --editable --build-directory /workspaces/isaac_ros-dev/build/gui_teleop/build --no-deps install_data
