running develop
running egg_info
creating vision_pkg.egg-info
writing vision_pkg.egg-info/PKG-INFO
writing dependency_links to vision_pkg.egg-info/dependency_links.txt
writing entry points to vision_pkg.egg-info/entry_points.txt
writing requirements to vision_pkg.egg-info/requires.txt
writing top-level names to vision_pkg.egg-info/top_level.txt
writing manifest file 'vision_pkg.egg-info/SOURCES.txt'
reading manifest file 'vision_pkg.egg-info/SOURCES.txt'
writing manifest file 'vision_pkg.egg-info/SOURCES.txt'
running build_ext
Creating /workspaces/isaac_ros-dev/install/vision_pkg/lib/python3.8/site-packages/vision-pkg.egg-link (link to .)
Installing img_pub script to /workspaces/isaac_ros-dev/install/vision_pkg/lib/vision_pkg

Installed /workspaces/isaac_ros-dev/build/vision_pkg
running install_data
creating /workspaces/isaac_ros-dev/install/vision_pkg/share/ament_index
creating /workspaces/isaac_ros-dev/install/vision_pkg/share/ament_index/resource_index
creating /workspaces/isaac_ros-dev/install/vision_pkg/share/ament_index/resource_index/packages
copying resource/vision_pkg -> /workspaces/isaac_ros-dev/install/vision_pkg/share/ament_index/resource_index/packages
copying package.xml -> /workspaces/isaac_ros-dev/install/vision_pkg/share/vision_pkg
