[0.613s] Invoking command in '/workspaces/isaac_ros-dev/build/vision_pkg': PYTHONPATH=/workspaces/isaac_ros-dev/build/vision_pkg/prefix_override:/workspaces/isaac_ros-dev/install/vision_pkg/lib/python3.8/site-packages:${PYTHONPATH} /usr/bin/python3 setup.py develop --editable --build-directory /workspaces/isaac_ros-dev/build/vision_pkg/build --no-deps install_data
[0.765s] running develop
[0.857s] running egg_info
[0.857s] creating vision_pkg.egg-info
[0.862s] writing vision_pkg.egg-info/PKG-INFO
[0.862s] writing dependency_links to vision_pkg.egg-info/dependency_links.txt
[0.862s] writing entry points to vision_pkg.egg-info/entry_points.txt
[0.862s] writing requirements to vision_pkg.egg-info/requires.txt
[0.862s] writing top-level names to vision_pkg.egg-info/top_level.txt
[0.862s] writing manifest file 'vision_pkg.egg-info/SOURCES.txt'
[0.873s] reading manifest file 'vision_pkg.egg-info/SOURCES.txt'
[0.873s] writing manifest file 'vision_pkg.egg-info/SOURCES.txt'
[0.879s] running build_ext
[0.879s] Creating /workspaces/isaac_ros-dev/install/vision_pkg/lib/python3.8/site-packages/vision-pkg.egg-link (link to .)
[0.879s] Installing img_pub script to /workspaces/isaac_ros-dev/install/vision_pkg/lib/vision_pkg
[0.879s] 
[0.879s] Installed /workspaces/isaac_ros-dev/build/vision_pkg
[0.879s] running install_data
[0.879s] creating /workspaces/isaac_ros-dev/install/vision_pkg/share/ament_index
[0.879s] creating /workspaces/isaac_ros-dev/install/vision_pkg/share/ament_index/resource_index
[0.879s] creating /workspaces/isaac_ros-dev/install/vision_pkg/share/ament_index/resource_index/packages
[0.879s] copying resource/vision_pkg -> /workspaces/isaac_ros-dev/install/vision_pkg/share/ament_index/resource_index/packages
[0.879s] copying package.xml -> /workspaces/isaac_ros-dev/install/vision_pkg/share/vision_pkg
[0.927s] Invoked command in '/workspaces/isaac_ros-dev/build/vision_pkg' returned '0': PYTHONPATH=/workspaces/isaac_ros-dev/build/vision_pkg/prefix_override:/workspaces/isaac_ros-dev/install/vision_pkg/lib/python3.8/site-packages:${PYTHONPATH} /usr/bin/python3 setup.py develop --editable --build-directory /workspaces/isaac_ros-dev/build/vision_pkg/build --no-deps install_data
